2024-06-05 17:42:15,760.Bbq_producer.INFO ==================================================
2024-06-05 17:42:15,760.Bbq_producer.INFO Today is 2024-06-05 at 05:42 PM
2024-06-05 17:42:15,760.Bbq_producer.INFO Running on: posix Darwin 23.4.0
2024-06-05 17:42:15,760.Bbq_producer.INFO Python version:  3.12.2
2024-06-05 17:42:15,760.Bbq_producer.INFO Python path: /Users/grahammiller/streaming-05-start-smoker/.venv
2024-06-05 17:42:15,760.Bbq_producer.INFO Working dir: /Users/grahammiller/streaming-05-start-smoker
2024-06-05 17:42:15,760.Bbq_producer.INFO ==================================================
2024-06-05 17:42:18,409.Bbq_producer.INFO Sent message to 01-smoker: (1621704015.0, 84.2)
2024-06-05 17:42:18,429.Bbq_producer.INFO Sent message to 01-smoker: (1621704020.0, 84.2)
2024-06-05 17:42:18,458.Bbq_producer.INFO Sent message to 01-smoker: (1621704070.0, 87.6)
2024-06-05 17:42:18,477.Bbq_producer.INFO Sent message to 01-smoker: (1621704075.0, 87.6)
2024-06-05 17:42:18,492.Bbq_producer.INFO Sent message to 01-smoker: (1621704130.0, 86.3)
2024-06-05 17:42:18,510.Bbq_producer.INFO Sent message to 01-smoker: (1621704135.0, 86.3)
2024-06-05 17:42:18,526.Bbq_producer.INFO Sent message to 01-smoker: (1621704190.0, 92.0)
2024-06-05 17:42:18,543.Bbq_producer.INFO Sent message to 01-smoker: (1621704195.0, 92.0)
2024-06-05 17:42:18,562.Bbq_producer.INFO Sent message to 01-smoker: (1621704250.0, 96.8)
2024-06-05 17:42:18,581.Bbq_producer.INFO Sent message to 01-smoker: (1621704255.0, 96.8)
2024-06-05 17:42:18,602.Bbq_producer.INFO Sent message to 01-smoker: (1621704305.0, 100.6)
2024-06-05 17:42:18,621.Bbq_producer.INFO Sent message to 01-smoker: (1621704310.0, 100.9)
2024-06-05 17:42:18,639.Bbq_producer.INFO Sent message to 01-smoker: (1621704315.0, 100.9)
2024-06-05 17:42:18,655.Bbq_producer.INFO Sent message to 01-smoker: (1621704370.0, 104.8)
2024-06-05 17:42:18,670.Bbq_producer.INFO Sent message to 01-smoker: (1621704375.0, 104.8)
2024-06-05 17:42:18,692.Bbq_producer.INFO Sent message to 01-smoker: (1621704430.0, 108.2)
2024-06-05 17:42:18,708.Bbq_producer.INFO Sent message to 01-smoker: (1621704435.0, 108.2)
2024-06-05 17:42:18,722.Bbq_producer.INFO Sent message to 01-smoker: (1621704490.0, 111.4)
2024-06-05 17:42:18,742.Bbq_producer.INFO Sent message to 01-smoker: (1621704495.0, 111.4)
2024-06-05 17:42:18,759.Bbq_producer.INFO Sent message to 01-smoker: (1621704550.0, 114.2)
2024-06-05 17:42:18,773.Bbq_producer.INFO Sent message to 01-smoker: (1621704555.0, 114.2)
2024-06-05 17:42:18,791.Bbq_producer.INFO Sent message to 01-smoker: (1621704610.0, 116.9)
2024-06-05 17:42:18,811.Bbq_producer.INFO Sent message to 01-smoker: (1621704615.0, 116.9)
2024-06-05 17:42:18,827.Bbq_producer.INFO Sent message to 01-smoker: (1621704670.0, 119.4)
2024-06-05 17:42:18,849.Bbq_producer.INFO Sent message to 01-smoker: (1621704675.0, 119.4)
2024-06-05 17:42:18,872.Bbq_producer.INFO Sent message to 01-smoker: (1621704730.0, 120.1)
2024-06-05 17:42:18,888.Bbq_producer.INFO Sent message to 01-smoker: (1621704735.0, 120.1)
2024-06-05 17:42:18,905.Bbq_producer.INFO Sent message to 01-smoker: (1621704790.0, 106.2)
2024-06-05 17:42:18,922.Bbq_producer.INFO Sent message to 01-smoker: (1621704795.0, 106.2)
2024-06-05 17:42:18,939.Bbq_producer.INFO Sent message to 01-smoker: (1621704850.0, 103.5)
2024-06-05 17:42:18,959.Bbq_producer.INFO Sent message to 01-smoker: (1621704855.0, 103.5)
2024-06-05 17:42:18,984.Bbq_producer.INFO Sent message to 01-smoker: (1621704910.0, 105.3)
2024-06-05 17:42:19,007.Bbq_producer.INFO Sent message to 01-smoker: (1621704915.0, 105.3)
2024-06-05 17:42:19,023.Bbq_producer.INFO Sent message to 01-smoker: (1621704970.0, 106.9)
2024-06-05 17:42:19,040.Bbq_producer.INFO Sent message to 01-smoker: (1621704975.0, 106.9)
2024-06-05 17:42:19,059.Bbq_producer.INFO Sent message to 01-smoker: (1621705030.0, 111.9)
2024-06-05 17:42:19,078.Bbq_producer.INFO Sent message to 01-smoker: (1621705035.0, 111.9)
2024-06-05 17:42:19,105.Bbq_producer.INFO Sent message to 01-smoker: (1621705090.0, 114.2)
2024-06-05 17:42:19,120.Bbq_producer.INFO Sent message to 01-smoker: (1621705095.0, 114.2)
2024-06-05 17:42:19,138.Bbq_producer.INFO Sent message to 01-smoker: (1621705150.0, 115.5)
2024-06-05 17:42:19,154.Bbq_producer.INFO Sent message to 01-smoker: (1621705155.0, 115.5)
2024-06-05 17:42:19,170.Bbq_producer.INFO Sent message to 01-smoker: (1621705210.0, 112.6)
2024-06-05 17:42:19,186.Bbq_producer.INFO Sent message to 01-smoker: (1621705215.0, 112.6)
2024-06-05 17:42:19,205.Bbq_producer.INFO Sent message to 01-smoker: (1621705270.0, 118.8)
2024-06-05 17:42:19,221.Bbq_producer.INFO Sent message to 01-smoker: (1621705275.0, 118.8)
2024-06-05 17:42:19,238.Bbq_producer.INFO Sent message to 01-smoker: (1621705330.0, 113.2)
2024-06-05 17:42:19,256.Bbq_producer.INFO Sent message to 01-smoker: (1621705335.0, 113.2)
2024-06-05 17:42:19,273.Bbq_producer.INFO Sent message to 01-smoker: (1621705390.0, 126.7)
2024-06-05 17:42:19,291.Bbq_producer.INFO Sent message to 01-smoker: (1621705395.0, 126.7)
2024-06-05 17:42:19,310.Bbq_producer.INFO Sent message to 01-smoker: (1621705450.0, 130.0)
2024-06-05 17:42:19,335.Bbq_producer.INFO Sent message to 01-smoker: (1621705455.0, 130.0)
2024-06-05 17:42:19,355.Bbq_producer.INFO Sent message to 01-smoker: (1621705510.0, 130.0)
2024-06-05 17:42:19,370.Bbq_producer.INFO Sent message to 01-smoker: (1621705515.0, 130.0)
2024-06-05 17:42:19,392.Bbq_producer.INFO Sent message to 01-smoker: (1621705570.0, 137.3)
2024-06-05 17:42:19,421.Bbq_producer.INFO Sent message to 01-smoker: (1621705575.0, 137.3)
2024-06-05 17:42:19,441.Bbq_producer.INFO Sent message to 01-smoker: (1621705630.0, 139.5)
2024-06-05 17:42:19,470.Bbq_producer.INFO Sent message to 01-smoker: (1621705635.0, 139.5)
2024-06-05 17:42:19,488.Bbq_producer.INFO Sent message to 01-smoker: (1621705690.0, 141.8)
2024-06-05 17:42:19,506.Bbq_producer.INFO Sent message to 01-smoker: (1621705695.0, 141.8)
2024-06-05 17:42:19,520.Bbq_producer.INFO Sent message to 01-smoker: (1621705750.0, 143.6)
2024-06-05 17:42:19,539.Bbq_producer.INFO Sent message to 01-smoker: (1621705755.0, 143.6)
2024-06-05 17:42:19,555.Bbq_producer.INFO Sent message to 01-smoker: (1621705810.0, 145.0)
2024-06-05 17:42:19,572.Bbq_producer.INFO Sent message to 01-smoker: (1621705815.0, 145.0)
2024-06-05 17:42:19,590.Bbq_producer.INFO Sent message to 01-smoker: (1621705870.0, 146.2)
2024-06-05 17:42:19,692.Bbq_producer.INFO Sent message to 01-smoker: (1621705875.0, 146.2)
2024-06-05 17:42:19,709.Bbq_producer.INFO Sent message to 01-smoker: (1621705930.0, 147.5)
2024-06-05 17:42:19,724.Bbq_producer.INFO Sent message to 01-smoker: (1621705935.0, 147.5)
2024-06-05 17:42:19,741.Bbq_producer.INFO Sent message to 01-smoker: (1621705990.0, 148.7)
2024-06-05 17:42:19,759.Bbq_producer.INFO Sent message to 01-smoker: (1621705995.0, 148.7)
2024-06-05 17:42:19,774.Bbq_producer.INFO Sent message to 01-smoker: (1621706050.0, 149.9)
2024-06-05 17:42:19,792.Bbq_producer.INFO Sent message to 01-smoker: (1621706055.0, 149.9)
2024-06-05 17:42:19,809.Bbq_producer.INFO Sent message to 01-smoker: (1621706105.0, 151.1)
2024-06-05 17:42:19,822.Bbq_producer.INFO Sent message to 01-smoker: (1621706110.0, 151.2)
2024-06-05 17:42:19,842.Bbq_producer.INFO Sent message to 01-smoker: (1621706115.0, 151.2)
2024-06-05 17:42:19,859.Bbq_producer.INFO Sent message to 01-smoker: (1621706170.0, 152.4)
2024-06-05 17:42:19,888.Bbq_producer.INFO Sent message to 01-smoker: (1621706175.0, 152.4)
2024-06-05 17:42:19,905.Bbq_producer.INFO Sent message to 01-smoker: (1621706230.0, 153.4)
2024-06-05 17:42:19,920.Bbq_producer.INFO Sent message to 01-smoker: (1621706235.0, 153.4)
2024-06-05 17:42:19,938.Bbq_producer.INFO Sent message to 01-smoker: (1621706290.0, 154.5)
2024-06-05 17:42:19,953.Bbq_producer.INFO Sent message to 01-smoker: (1621706295.0, 154.5)
2024-06-05 17:42:19,968.Bbq_producer.INFO Sent message to 01-smoker: (1621706350.0, 155.6)
2024-06-05 17:42:19,987.Bbq_producer.INFO Sent message to 01-smoker: (1621706355.0, 155.6)
2024-06-05 17:42:20,003.Bbq_producer.INFO Sent message to 01-smoker: (1621706410.0, 156.5)
2024-06-05 17:42:20,017.Bbq_producer.INFO Sent message to 01-smoker: (1621706415.0, 156.5)
2024-06-05 17:42:20,037.Bbq_producer.INFO Sent message to 01-smoker: (1621706470.0, 157.8)
2024-06-05 17:42:20,053.Bbq_producer.INFO Sent message to 01-smoker: (1621706475.0, 157.8)
2024-06-05 17:42:20,069.Bbq_producer.INFO Sent message to 01-smoker: (1621706530.0, 158.8)
2024-06-05 17:42:20,087.Bbq_producer.INFO Sent message to 01-smoker: (1621706535.0, 158.8)
2024-06-05 17:42:20,105.Bbq_producer.INFO Sent message to 01-smoker: (1621706590.0, 159.9)
2024-06-05 17:42:20,120.Bbq_producer.INFO Sent message to 01-smoker: (1621706595.0, 159.9)
2024-06-05 17:42:20,141.Bbq_producer.INFO Sent message to 01-smoker: (1621706650.0, 160.7)
2024-06-05 17:42:20,158.Bbq_producer.INFO Sent message to 01-smoker: (1621706655.0, 160.7)
2024-06-05 17:42:20,172.Bbq_producer.INFO Sent message to 01-smoker: (1621706710.0, 161.9)
2024-06-05 17:42:20,190.Bbq_producer.INFO Sent message to 01-smoker: (1621706715.0, 161.9)
2024-06-05 17:42:20,209.Bbq_producer.INFO Sent message to 01-smoker: (1621706770.0, 163.1)
2024-06-05 17:42:20,224.Bbq_producer.INFO Sent message to 01-smoker: (1621706775.0, 163.1)
2024-06-05 17:42:20,246.Bbq_producer.INFO Sent message to 01-smoker: (1621706830.0, 164.3)
2024-06-05 17:42:20,264.Bbq_producer.INFO Sent message to 01-smoker: (1621706835.0, 164.3)
2024-06-05 17:42:20,286.Bbq_producer.INFO Sent message to 01-smoker: (1621706890.0, 165.6)
2024-06-05 17:42:20,306.Bbq_producer.INFO Sent message to 01-smoker: (1621706895.0, 165.6)
2024-06-05 17:42:20,326.Bbq_producer.INFO Sent message to 01-smoker: (1621706950.0, 166.7)
2024-06-05 17:42:20,349.Bbq_producer.INFO Sent message to 01-smoker: (1621706955.0, 166.7)
2024-06-05 17:42:20,369.Bbq_producer.INFO Sent message to 01-smoker: (1621707010.0, 167.8)
2024-06-05 17:42:20,387.Bbq_producer.INFO Sent message to 01-smoker: (1621707015.0, 167.8)
2024-06-05 17:42:20,406.Bbq_producer.INFO Sent message to 01-smoker: (1621707070.0, 168.8)
2024-06-05 17:42:20,419.Bbq_producer.INFO Sent message to 01-smoker: (1621707075.0, 168.8)
2024-06-05 17:42:20,436.Bbq_producer.INFO Sent message to 01-smoker: (1621707130.0, 170.2)
2024-06-05 17:42:20,453.Bbq_producer.INFO Sent message to 01-smoker: (1621707135.0, 170.2)
2024-06-05 17:42:20,472.Bbq_producer.INFO Sent message to 01-smoker: (1621707190.0, 171.7)
2024-06-05 17:42:20,490.Bbq_producer.INFO Sent message to 01-smoker: (1621707195.0, 171.7)
2024-06-05 17:42:20,509.Bbq_producer.INFO Sent message to 01-smoker: (1621707250.0, 173.3)
2024-06-05 17:42:20,531.Bbq_producer.INFO Sent message to 01-smoker: (1621707255.0, 173.3)
2024-06-05 17:42:20,547.Bbq_producer.INFO Sent message to 01-smoker: (1621707310.0, 174.6)
2024-06-05 17:42:20,570.Bbq_producer.INFO Sent message to 01-smoker: (1621707315.0, 174.6)
2024-06-05 17:42:20,586.Bbq_producer.INFO Sent message to 01-smoker: (1621707370.0, 175.5)
2024-06-05 17:42:20,604.Bbq_producer.INFO Sent message to 01-smoker: (1621707375.0, 175.5)
2024-06-05 17:42:20,619.Bbq_producer.INFO Sent message to 01-smoker: (1621707430.0, 176.8)
2024-06-05 17:42:20,636.Bbq_producer.INFO Sent message to 01-smoker: (1621707435.0, 176.8)
2024-06-05 17:42:20,654.Bbq_producer.INFO Sent message to 01-smoker: (1621707490.0, 177.8)
2024-06-05 17:42:20,670.Bbq_producer.INFO Sent message to 01-smoker: (1621707495.0, 177.8)
2024-06-05 17:42:20,688.Bbq_producer.INFO Sent message to 01-smoker: (1621707550.0, 178.9)
2024-06-05 17:42:20,703.Bbq_producer.INFO Sent message to 01-smoker: (1621707555.0, 178.9)
2024-06-05 17:42:20,722.Bbq_producer.INFO Sent message to 01-smoker: (1621707610.0, 180.3)
2024-06-05 17:42:20,738.Bbq_producer.INFO Sent message to 01-smoker: (1621707615.0, 180.3)
2024-06-05 17:42:20,756.Bbq_producer.INFO Sent message to 01-smoker: (1621707670.0, 181.4)
2024-06-05 17:42:20,781.Bbq_producer.INFO Sent message to 01-smoker: (1621707675.0, 181.4)
2024-06-05 17:42:20,808.Bbq_producer.INFO Sent message to 01-smoker: (1621707730.0, 182.6)
2024-06-05 17:42:20,826.Bbq_producer.INFO Sent message to 01-smoker: (1621707735.0, 182.6)
2024-06-05 17:42:20,845.Bbq_producer.INFO Sent message to 01-smoker: (1621707790.0, 183.9)
2024-06-05 17:42:20,870.Bbq_producer.INFO Sent message to 01-smoker: (1621707795.0, 183.9)
2024-06-05 17:42:20,892.Bbq_producer.INFO Sent message to 01-smoker: (1621707850.0, 184.8)
2024-06-05 17:42:20,913.Bbq_producer.INFO Sent message to 01-smoker: (1621707855.0, 184.8)
2024-06-05 17:42:20,930.Bbq_producer.INFO Sent message to 01-smoker: (1621707910.0, 186.0)
2024-06-05 17:42:20,964.Bbq_producer.INFO Sent message to 01-smoker: (1621707915.0, 186.0)
2024-06-05 17:42:20,983.Bbq_producer.INFO Sent message to 01-smoker: (1621707970.0, 187.1)
2024-06-05 17:42:21,009.Bbq_producer.INFO Sent message to 01-smoker: (1621707975.0, 187.1)
2024-06-05 17:42:21,025.Bbq_producer.INFO Sent message to 01-smoker: (1621708030.0, 211.9)
2024-06-05 17:42:21,043.Bbq_producer.INFO Sent message to 01-smoker: (1621708035.0, 211.9)
2024-06-05 17:42:21,064.Bbq_producer.INFO Sent message to 01-smoker: (1621708090.0, 215.3)
2024-06-05 17:42:21,079.Bbq_producer.INFO Sent message to 01-smoker: (1621708095.0, 215.3)
2024-06-05 17:42:21,106.Bbq_producer.INFO Sent message to 01-smoker: (1621708150.0, 217.0)
2024-06-05 17:42:21,123.Bbq_producer.INFO Sent message to 01-smoker: (1621708155.0, 217.0)
2024-06-05 17:42:21,138.Bbq_producer.INFO Sent message to 01-smoker: (1621708210.0, 218.6)
2024-06-05 17:42:21,157.Bbq_producer.INFO Sent message to 01-smoker: (1621708215.0, 218.6)
2024-06-05 17:42:21,175.Bbq_producer.INFO Sent message to 01-smoker: (1621708270.0, 218.5)
2024-06-05 17:42:21,196.Bbq_producer.INFO Sent message to 01-smoker: (1621708275.0, 218.5)
2024-06-05 17:42:21,213.Bbq_producer.INFO Sent message to 01-smoker: (1621708330.0, 219.4)
2024-06-05 17:42:21,234.Bbq_producer.INFO Sent message to 01-smoker: (1621708335.0, 219.4)
2024-06-05 17:42:21,254.Bbq_producer.INFO Sent message to 01-smoker: (1621708390.0, 220.5)
2024-06-05 17:42:21,270.Bbq_producer.INFO Sent message to 01-smoker: (1621708395.0, 220.5)
2024-06-05 17:42:21,287.Bbq_producer.INFO Sent message to 01-smoker: (1621708450.0, 220.7)
2024-06-05 17:42:21,307.Bbq_producer.INFO Sent message to 01-smoker: (1621708455.0, 220.7)
2024-06-05 17:42:21,328.Bbq_producer.INFO Sent message to 01-smoker: (1621708510.0, 222.5)
2024-06-05 17:42:21,343.Bbq_producer.INFO Sent message to 01-smoker: (1621708515.0, 222.5)
2024-06-05 17:42:21,364.Bbq_producer.INFO Sent message to 01-smoker: (1621708570.0, 223.0)
2024-06-05 17:42:21,385.Bbq_producer.INFO Sent message to 01-smoker: (1621708575.0, 223.0)
2024-06-05 17:42:21,405.Bbq_producer.INFO Sent message to 01-smoker: (1621708630.0, 224.7)
2024-06-05 17:42:21,421.Bbq_producer.INFO Sent message to 01-smoker: (1621708635.0, 224.7)
2024-06-05 17:42:21,440.Bbq_producer.INFO Sent message to 01-smoker: (1621708690.0, 224.2)
2024-06-05 17:42:21,459.Bbq_producer.INFO Sent message to 01-smoker: (1621708695.0, 224.2)
2024-06-05 17:42:21,474.Bbq_producer.INFO Sent message to 01-smoker: (1621708750.0, 223.6)
2024-06-05 17:42:21,495.Bbq_producer.INFO Sent message to 01-smoker: (1621708755.0, 223.6)
2024-06-05 17:42:21,515.Bbq_producer.INFO Sent message to 01-smoker: (1621708810.0, 224.6)
2024-06-05 17:42:21,536.Bbq_producer.INFO Sent message to 01-smoker: (1621708815.0, 224.6)
2024-06-05 17:42:21,552.Bbq_producer.INFO Sent message to 01-smoker: (1621708870.0, 224.3)
2024-06-05 17:42:21,569.Bbq_producer.INFO Sent message to 01-smoker: (1621708875.0, 224.3)
2024-06-05 17:42:21,588.Bbq_producer.INFO Sent message to 01-smoker: (1621708930.0, 226.6)
2024-06-05 17:42:21,606.Bbq_producer.INFO Sent message to 01-smoker: (1621708935.0, 226.6)
2024-06-05 17:42:21,621.Bbq_producer.INFO Sent message to 01-smoker: (1621708990.0, 229.0)
2024-06-05 17:42:21,640.Bbq_producer.INFO Sent message to 01-smoker: (1621708995.0, 229.0)
2024-06-05 17:42:21,658.Bbq_producer.INFO Sent message to 01-smoker: (1621709050.0, 232.8)
2024-06-05 17:42:21,674.Bbq_producer.INFO Sent message to 01-smoker: (1621709055.0, 232.8)
2024-06-05 17:42:21,695.Bbq_producer.INFO Sent message to 01-smoker: (1621709110.0, 237.9)
2024-06-05 17:42:21,714.Bbq_producer.INFO Sent message to 01-smoker: (1621709115.0, 237.9)
2024-06-05 17:42:21,738.Bbq_producer.INFO Sent message to 01-smoker: (1621709170.0, 200.2)
2024-06-05 17:42:21,757.Bbq_producer.INFO Sent message to 01-smoker: (1621709175.0, 200.2)
2024-06-05 17:42:21,771.Bbq_producer.INFO Sent message to 02-food-A: (1621709195.0, 38.7)
2024-06-05 17:42:21,797.Bbq_producer.INFO Sent message to 02-food-A: (1621709200.0, 38.7)
2024-06-05 17:42:21,814.Bbq_producer.INFO Sent message to 02-food-B: (1621709200.0, 37.0)
2024-06-05 17:42:21,842.Bbq_producer.INFO Sent message to 02-food-B: (1621709205.0, 37.0)
2024-06-05 17:42:21,860.Bbq_producer.INFO Sent message to 01-smoker: (1621709230.0, 205.9)
2024-06-05 17:42:21,878.Bbq_producer.INFO Sent message to 01-smoker: (1621709235.0, 205.9)
2024-06-05 17:42:21,899.Bbq_producer.INFO Sent message to 02-food-A: (1621709255.0, 37.1)
2024-06-05 17:42:21,916.Bbq_producer.INFO Sent message to 02-food-A: (1621709260.0, 37.1)
2024-06-05 17:42:21,934.Bbq_producer.INFO Sent message to 02-food-B: (1621709260.0, 35.3)
2024-06-05 17:42:21,953.Bbq_producer.INFO Sent message to 02-food-B: (1621709265.0, 35.3)
2024-06-05 17:42:21,970.Bbq_producer.INFO Sent message to 01-smoker: (1621709290.0, 230.0)
2024-06-05 17:42:21,989.Bbq_producer.INFO Sent message to 01-smoker: (1621709295.0, 230.0)
2024-06-05 17:42:22,005.Bbq_producer.INFO Sent message to 02-food-A: (1621709315.0, 36.9)
2024-06-05 17:42:22,025.Bbq_producer.INFO Sent message to 02-food-A: (1621709320.0, 36.9)
2024-06-05 17:42:22,046.Bbq_producer.INFO Sent message to 02-food-B: (1621709320.0, 35.2)
2024-06-05 17:42:22,064.Bbq_producer.INFO Sent message to 02-food-B: (1621709325.0, 35.2)
2024-06-05 17:42:22,090.Bbq_producer.INFO Sent message to 01-smoker: (1621709350.0, 239.6)
2024-06-05 17:42:22,106.Bbq_producer.INFO Sent message to 01-smoker: (1621709355.0, 239.6)
2024-06-05 17:42:22,122.Bbq_producer.INFO Sent message to 02-food-A: (1621709375.0, 36.9)
2024-06-05 17:42:22,141.Bbq_producer.INFO Sent message to 02-food-A: (1621709380.0, 36.9)
2024-06-05 17:42:22,162.Bbq_producer.INFO Sent message to 02-food-B: (1621709380.0, 35.3)
2024-06-05 17:42:22,187.Bbq_producer.INFO Sent message to 02-food-B: (1621709385.0, 35.3)
2024-06-05 17:42:22,207.Bbq_producer.INFO Sent message to 01-smoker: (1621709410.0, 242.4)
2024-06-05 17:42:22,230.Bbq_producer.INFO Sent message to 01-smoker: (1621709415.0, 242.4)
2024-06-05 17:42:22,252.Bbq_producer.INFO Sent message to 02-food-A: (1621709435.0, 37.2)
2024-06-05 17:42:22,269.Bbq_producer.INFO Sent message to 02-food-A: (1621709440.0, 37.2)
2024-06-05 17:42:22,290.Bbq_producer.INFO Sent message to 02-food-B: (1621709440.0, 35.2)
2024-06-05 17:42:22,313.Bbq_producer.INFO Sent message to 02-food-B: (1621709445.0, 35.2)
2024-06-05 17:42:22,398.Bbq_producer.INFO Sent message to 01-smoker: (1621709470.0, 243.1)
2024-06-05 17:42:22,437.Bbq_producer.INFO Sent message to 01-smoker: (1621709475.0, 243.1)
2024-06-05 17:42:22,455.Bbq_producer.INFO Sent message to 02-food-A: (1621709495.0, 37.5)
2024-06-05 17:42:22,473.Bbq_producer.INFO Sent message to 02-food-A: (1621709500.0, 37.5)
2024-06-05 17:42:22,495.Bbq_producer.INFO Sent message to 02-food-B: (1621709500.0, 35.2)
2024-06-05 17:42:22,513.Bbq_producer.INFO Sent message to 02-food-B: (1621709505.0, 35.2)
2024-06-05 17:42:22,533.Bbq_producer.INFO Sent message to 01-smoker: (1621709530.0, 242.6)
2024-06-05 17:42:22,553.Bbq_producer.INFO Sent message to 01-smoker: (1621709535.0, 242.6)
2024-06-05 17:42:22,567.Bbq_producer.INFO Sent message to 02-food-A: (1621709555.0, 37.9)
2024-06-05 17:42:22,589.Bbq_producer.INFO Sent message to 02-food-A: (1621709560.0, 37.9)
2024-06-05 17:42:22,607.Bbq_producer.INFO Sent message to 02-food-B: (1621709560.0, 35.6)
2024-06-05 17:42:22,624.Bbq_producer.INFO Sent message to 02-food-B: (1621709565.0, 35.6)
2024-06-05 17:42:22,647.Bbq_producer.INFO Sent message to 01-smoker: (1621709590.0, 241.7)
2024-06-05 17:42:22,668.Bbq_producer.INFO Sent message to 01-smoker: (1621709595.0, 241.7)
2024-06-05 17:42:22,686.Bbq_producer.INFO Sent message to 02-food-A: (1621709615.0, 38.4)
2024-06-05 17:42:22,704.Bbq_producer.INFO Sent message to 02-food-A: (1621709620.0, 38.4)
2024-06-05 17:42:22,722.Bbq_producer.INFO Sent message to 02-food-B: (1621709620.0, 35.7)
2024-06-05 17:42:22,739.Bbq_producer.INFO Sent message to 02-food-B: (1621709625.0, 35.7)
2024-06-05 17:42:22,761.Bbq_producer.INFO Sent message to 01-smoker: (1621709650.0, 241.4)
2024-06-05 17:42:22,783.Bbq_producer.INFO Sent message to 01-smoker: (1621709655.0, 241.4)
2024-06-05 17:42:22,833.Bbq_producer.INFO Sent message to 02-food-A: (1621709675.0, 39.1)
2024-06-05 17:42:22,852.Bbq_producer.INFO Sent message to 02-food-A: (1621709680.0, 39.1)
2024-06-05 17:42:22,886.Bbq_producer.INFO Sent message to 02-food-B: (1621709680.0, 36.0)
2024-06-05 17:42:22,903.Bbq_producer.INFO Sent message to 02-food-B: (1621709685.0, 36.0)
2024-06-05 17:42:22,938.Bbq_producer.INFO Sent message to 01-smoker: (1621709710.0, 242.1)
2024-06-05 17:42:22,955.Bbq_producer.INFO Sent message to 01-smoker: (1621709715.0, 242.1)
2024-06-05 17:42:23,000.Bbq_producer.INFO Sent message to 02-food-A: (1621709735.0, 39.9)
2024-06-05 17:42:23,034.Bbq_producer.INFO Sent message to 02-food-A: (1621709740.0, 39.9)
2024-06-05 17:42:23,082.Bbq_producer.INFO Sent message to 02-food-B: (1621709740.0, 36.0)
2024-06-05 17:42:23,099.Bbq_producer.INFO Sent message to 02-food-B: (1621709745.0, 36.0)
2024-06-05 17:42:23,135.Bbq_producer.INFO Sent message to 01-smoker: (1621709770.0, 241.9)
2024-06-05 17:42:23,182.Bbq_producer.INFO Sent message to 01-smoker: (1621709775.0, 241.9)
2024-06-05 17:42:23,205.Bbq_producer.INFO Sent message to 02-food-A: (1621709795.0, 40.6)
2024-06-05 17:42:23,240.Bbq_producer.INFO Sent message to 02-food-A: (1621709800.0, 40.6)
2024-06-05 17:42:23,294.Bbq_producer.INFO Sent message to 02-food-B: (1621709800.0, 36.4)
2024-06-05 17:42:23,346.Bbq_producer.INFO Sent message to 02-food-B: (1621709805.0, 36.4)
2024-06-05 17:42:23,390.Bbq_producer.INFO Sent message to 01-smoker: (1621709830.0, 242.1)
2024-06-05 17:42:23,433.Bbq_producer.INFO Sent message to 01-smoker: (1621709835.0, 242.1)
2024-06-05 17:42:23,479.Bbq_producer.INFO Sent message to 02-food-A: (1621709855.0, 41.4)
2024-06-05 17:42:23,497.Bbq_producer.INFO Sent message to 02-food-A: (1621709860.0, 41.4)
2024-06-05 17:42:23,539.Bbq_producer.INFO Sent message to 02-food-B: (1621709860.0, 36.7)
2024-06-05 17:42:23,586.Bbq_producer.INFO Sent message to 02-food-B: (1621709865.0, 36.7)
2024-06-05 17:42:23,608.Bbq_producer.INFO Sent message to 01-smoker: (1621709890.0, 240.4)
2024-06-05 17:42:23,653.Bbq_producer.INFO Sent message to 01-smoker: (1621709895.0, 240.4)
2024-06-05 17:42:23,695.Bbq_producer.INFO Sent message to 02-food-A: (1621709915.0, 42.2)
2024-06-05 17:42:23,739.Bbq_producer.INFO Sent message to 02-food-A: (1621709920.0, 42.2)
2024-06-05 17:42:23,785.Bbq_producer.INFO Sent message to 02-food-B: (1621709920.0, 37.1)
2024-06-05 17:42:23,824.Bbq_producer.INFO Sent message to 02-food-B: (1621709925.0, 37.1)
2024-06-05 17:42:23,847.Bbq_producer.INFO Sent message to 01-smoker: (1621709950.0, 240.2)
2024-06-05 17:42:23,883.Bbq_producer.INFO Sent message to 01-smoker: (1621709955.0, 240.2)
2024-06-05 17:42:23,906.Bbq_producer.INFO Sent message to 02-food-A: (1621709975.0, 43.1)
2024-06-05 17:42:23,948.Bbq_producer.INFO Sent message to 02-food-A: (1621709980.0, 43.1)
2024-06-05 17:42:23,983.Bbq_producer.INFO Sent message to 02-food-B: (1621709980.0, 37.6)
2024-06-05 17:42:24,007.Bbq_producer.INFO Sent message to 02-food-B: (1621709985.0, 37.6)
2024-06-05 17:42:24,049.Bbq_producer.INFO Sent message to 01-smoker: (1621710010.0, 240.1)
2024-06-05 17:42:24,085.Bbq_producer.INFO Sent message to 01-smoker: (1621710015.0, 240.1)
2024-06-05 17:42:24,103.Bbq_producer.INFO Sent message to 02-food-A: (1621710035.0, 44.1)
2024-06-05 17:42:24,134.Bbq_producer.INFO Sent message to 02-food-A: (1621710040.0, 44.1)
2024-06-05 17:42:24,149.Bbq_producer.INFO Sent message to 02-food-B: (1621710040.0, 38.0)
2024-06-05 17:42:24,180.Bbq_producer.INFO Sent message to 02-food-B: (1621710045.0, 38.0)
2024-06-05 17:42:24,194.Bbq_producer.INFO Sent message to 01-smoker: (1621710070.0, 239.8)
2024-06-05 17:42:24,230.Bbq_producer.INFO Sent message to 01-smoker: (1621710075.0, 239.8)
2024-06-05 17:42:24,244.Bbq_producer.INFO Sent message to 02-food-A: (1621710095.0, 45.1)
2024-06-05 17:42:24,278.Bbq_producer.INFO Sent message to 02-food-A: (1621710100.0, 45.1)
2024-06-05 17:42:24,292.Bbq_producer.INFO Sent message to 02-food-B: (1621710100.0, 38.5)
2024-06-05 17:42:24,330.Bbq_producer.INFO Sent message to 02-food-B: (1621710105.0, 38.5)
2024-06-05 17:42:24,344.Bbq_producer.INFO Sent message to 01-smoker: (1621710130.0, 239.9)
2024-06-05 17:42:24,383.Bbq_producer.INFO Sent message to 01-smoker: (1621710135.0, 239.9)
2024-06-05 17:42:24,401.Bbq_producer.INFO Sent message to 02-food-A: (1621710155.0, 46.0)
2024-06-05 17:42:24,432.Bbq_producer.INFO Sent message to 02-food-A: (1621710160.0, 46.0)
2024-06-05 17:42:24,449.Bbq_producer.INFO Sent message to 02-food-B: (1621710160.0, 39.2)
2024-06-05 17:42:24,481.Bbq_producer.INFO Sent message to 02-food-B: (1621710165.0, 39.2)
2024-06-05 17:42:24,527.Bbq_producer.INFO Sent message to 01-smoker: (1621710190.0, 240.4)
2024-06-05 17:42:24,539.Bbq_producer.INFO Sent message to 01-smoker: (1621710195.0, 240.4)
2024-06-05 17:42:24,556.Bbq_producer.INFO Sent message to 02-food-A: (1621710215.0, 47.1)
2024-06-05 17:42:24,588.Bbq_producer.INFO Sent message to 02-food-A: (1621710220.0, 47.1)
2024-06-05 17:42:24,605.Bbq_producer.INFO Sent message to 02-food-B: (1621710220.0, 39.8)
2024-06-05 17:42:24,633.Bbq_producer.INFO Sent message to 02-food-B: (1621710225.0, 39.8)
2024-06-05 17:42:24,650.Bbq_producer.INFO Sent message to 01-smoker: (1621710250.0, 240.8)
2024-06-05 17:42:24,680.Bbq_producer.INFO Sent message to 01-smoker: (1621710255.0, 240.8)
2024-06-05 17:42:24,693.Bbq_producer.INFO Sent message to 02-food-A: (1621710275.0, 48.2)
2024-06-05 17:42:24,755.Bbq_producer.INFO Sent message to 02-food-A: (1621710280.0, 48.2)
2024-06-05 17:42:24,786.Bbq_producer.INFO Sent message to 02-food-B: (1621710280.0, 40.4)
2024-06-05 17:42:24,804.Bbq_producer.INFO Sent message to 02-food-B: (1621710285.0, 40.4)
2024-06-05 17:42:24,839.Bbq_producer.INFO Sent message to 01-smoker: (1621710310.0, 241.3)
2024-06-05 17:42:24,885.Bbq_producer.INFO Sent message to 01-smoker: (1621710315.0, 241.3)
2024-06-05 17:42:24,905.Bbq_producer.INFO Sent message to 02-food-A: (1621710335.0, 49.4)
2024-06-05 17:42:24,939.Bbq_producer.INFO Sent message to 02-food-A: (1621710340.0, 49.4)
2024-06-05 17:42:24,956.Bbq_producer.INFO Sent message to 02-food-B: (1621710340.0, 41.1)
2024-06-05 17:42:25,001.Bbq_producer.INFO Sent message to 02-food-B: (1621710345.0, 41.1)
2024-06-05 17:42:25,046.Bbq_producer.INFO Sent message to 01-smoker: (1621710370.0, 241.7)
2024-06-05 17:42:25,086.Bbq_producer.INFO Sent message to 01-smoker: (1621710375.0, 241.7)
2024-06-05 17:42:25,130.Bbq_producer.INFO Sent message to 02-food-A: (1621710395.0, 50.5)
2024-06-05 17:42:25,154.Bbq_producer.INFO Sent message to 02-food-A: (1621710400.0, 50.5)
2024-06-05 17:42:25,192.Bbq_producer.INFO Sent message to 02-food-B: (1621710400.0, 41.9)
2024-06-05 17:42:25,236.Bbq_producer.INFO Sent message to 02-food-B: (1621710405.0, 41.9)
2024-06-05 17:42:25,280.Bbq_producer.INFO Sent message to 01-smoker: (1621710430.0, 242.3)
2024-06-05 17:42:25,301.Bbq_producer.INFO Sent message to 01-smoker: (1621710435.0, 242.3)
2024-06-05 17:42:25,348.Bbq_producer.INFO Sent message to 02-food-A: (1621710455.0, 51.8)
2024-06-05 17:42:25,390.Bbq_producer.INFO Sent message to 02-food-A: (1621710460.0, 51.8)
2024-06-05 17:42:25,435.Bbq_producer.INFO Sent message to 02-food-B: (1621710460.0, 42.7)
2024-06-05 17:42:25,481.Bbq_producer.INFO Sent message to 02-food-B: (1621710465.0, 42.7)
2024-06-05 17:42:25,505.Bbq_producer.INFO Sent message to 01-smoker: (1621710490.0, 243.4)
2024-06-05 17:42:25,549.Bbq_producer.INFO Sent message to 01-smoker: (1621710495.0, 243.4)
2024-06-05 17:42:25,592.Bbq_producer.INFO Sent message to 02-food-A: (1621710515.0, 52.9)
2024-06-05 17:42:25,633.Bbq_producer.INFO Sent message to 02-food-A: (1621710520.0, 52.9)
2024-06-05 17:42:25,651.Bbq_producer.INFO Sent message to 02-food-B: (1621710520.0, 43.4)
2024-06-05 17:42:25,685.Bbq_producer.INFO Sent message to 02-food-B: (1621710525.0, 43.4)
2024-06-05 17:42:25,701.Bbq_producer.INFO Sent message to 01-smoker: (1621710550.0, 242.5)
2024-06-05 17:42:25,737.Bbq_producer.INFO Sent message to 01-smoker: (1621710555.0, 242.5)
2024-06-05 17:42:25,754.Bbq_producer.INFO Sent message to 02-food-A: (1621710575.0, 54.2)
2024-06-05 17:42:25,789.Bbq_producer.INFO Sent message to 02-food-A: (1621710580.0, 54.2)
2024-06-05 17:42:25,806.Bbq_producer.INFO Sent message to 02-food-B: (1621710580.0, 44.3)
2024-06-05 17:42:25,839.Bbq_producer.INFO Sent message to 02-food-B: (1621710585.0, 44.3)
2024-06-05 17:42:25,856.Bbq_producer.INFO Sent message to 01-smoker: (1621710610.0, 242.1)
2024-06-05 17:42:25,899.Bbq_producer.INFO Sent message to 01-smoker: (1621710615.0, 242.1)
2024-06-05 17:42:25,931.Bbq_producer.INFO Sent message to 02-food-A: (1621710635.0, 55.6)
2024-06-05 17:42:25,948.Bbq_producer.INFO Sent message to 02-food-A: (1621710640.0, 55.6)
2024-06-05 17:42:25,980.Bbq_producer.INFO Sent message to 02-food-B: (1621710640.0, 45.4)
2024-06-05 17:42:26,000.Bbq_producer.INFO Sent message to 02-food-B: (1621710645.0, 45.4)
2024-06-05 17:42:26,040.Bbq_producer.INFO Sent message to 01-smoker: (1621710670.0, 243.3)
2024-06-05 17:42:26,086.Bbq_producer.INFO Sent message to 01-smoker: (1621710675.0, 243.3)
2024-06-05 17:42:26,132.Bbq_producer.INFO Sent message to 02-food-A: (1621710695.0, 56.8)
2024-06-05 17:42:26,155.Bbq_producer.INFO Sent message to 02-food-A: (1621710700.0, 56.8)
2024-06-05 17:42:26,188.Bbq_producer.INFO Sent message to 02-food-B: (1621710700.0, 46.1)
2024-06-05 17:42:26,206.Bbq_producer.INFO Sent message to 02-food-B: (1621710705.0, 46.1)
2024-06-05 17:42:26,247.Bbq_producer.INFO Sent message to 01-smoker: (1621710730.0, 244.0)
2024-06-05 17:42:26,281.Bbq_producer.INFO Sent message to 01-smoker: (1621710735.0, 244.0)
2024-06-05 17:42:26,301.Bbq_producer.INFO Sent message to 02-food-A: (1621710755.0, 58.2)
2024-06-05 17:42:26,338.Bbq_producer.INFO Sent message to 02-food-A: (1621710760.0, 58.2)
2024-06-05 17:42:26,355.Bbq_producer.INFO Sent message to 02-food-B: (1621710760.0, 47.1)
2024-06-05 17:42:26,385.Bbq_producer.INFO Sent message to 02-food-B: (1621710765.0, 47.1)
2024-06-05 17:42:26,402.Bbq_producer.INFO Sent message to 01-smoker: (1621710790.0, 244.3)
2024-06-05 17:42:26,436.Bbq_producer.INFO Sent message to 01-smoker: (1621710795.0, 244.3)
2024-06-05 17:42:26,453.Bbq_producer.INFO Sent message to 02-food-A: (1621710815.0, 59.4)
2024-06-05 17:42:26,487.Bbq_producer.INFO Sent message to 02-food-A: (1621710820.0, 59.4)
2024-06-05 17:42:26,504.Bbq_producer.INFO Sent message to 02-food-B: (1621710820.0, 48.1)
2024-06-05 17:42:26,538.Bbq_producer.INFO Sent message to 02-food-B: (1621710825.0, 48.1)
2024-06-05 17:42:26,553.Bbq_producer.INFO Sent message to 01-smoker: (1621710850.0, 244.7)
2024-06-05 17:42:26,594.Bbq_producer.INFO Sent message to 01-smoker: (1621710855.0, 244.7)
2024-06-05 17:42:26,626.Bbq_producer.INFO Sent message to 02-food-A: (1621710875.0, 60.7)
2024-06-05 17:42:26,641.Bbq_producer.INFO Sent message to 02-food-A: (1621710880.0, 60.7)
2024-06-05 17:42:26,657.Bbq_producer.INFO Sent message to 02-food-B: (1621710880.0, 49.1)
2024-06-05 17:42:26,693.Bbq_producer.INFO Sent message to 02-food-B: (1621710885.0, 49.1)
2024-06-05 17:42:26,707.Bbq_producer.INFO Sent message to 01-smoker: (1621710910.0, 245.2)
2024-06-05 17:42:26,741.Bbq_producer.INFO Sent message to 01-smoker: (1621710915.0, 245.2)
2024-06-05 17:42:26,755.Bbq_producer.INFO Sent message to 02-food-A: (1621710935.0, 62.1)
2024-06-05 17:42:26,786.Bbq_producer.INFO Sent message to 02-food-A: (1621710940.0, 62.1)
2024-06-05 17:42:26,803.Bbq_producer.INFO Sent message to 02-food-B: (1621710940.0, 50.2)
2024-06-05 17:42:26,841.Bbq_producer.INFO Sent message to 02-food-B: (1621710945.0, 50.2)
2024-06-05 17:42:26,879.Bbq_producer.INFO Sent message to 01-smoker: (1621710970.0, 244.8)
2024-06-05 17:42:26,897.Bbq_producer.INFO Sent message to 01-smoker: (1621710975.0, 244.8)
2024-06-05 17:42:26,931.Bbq_producer.INFO Sent message to 02-food-A: (1621710995.0, 63.3)
2024-06-05 17:42:26,947.Bbq_producer.INFO Sent message to 02-food-A: (1621711000.0, 63.3)
2024-06-05 17:42:26,981.Bbq_producer.INFO Sent message to 02-food-B: (1621711000.0, 51.2)
2024-06-05 17:42:26,998.Bbq_producer.INFO Sent message to 02-food-B: (1621711005.0, 51.2)
2024-06-05 17:42:27,106.Bbq_producer.INFO Sent message to 01-smoker: (1621711030.0, 245.3)
2024-06-05 17:42:27,140.Bbq_producer.INFO Sent message to 01-smoker: (1621711035.0, 245.3)
2024-06-05 17:42:27,179.Bbq_producer.INFO Sent message to 02-food-A: (1621711055.0, 64.5)
2024-06-05 17:42:27,195.Bbq_producer.INFO Sent message to 02-food-A: (1621711060.0, 64.5)
2024-06-05 17:42:27,231.Bbq_producer.INFO Sent message to 02-food-B: (1621711060.0, 52.3)
2024-06-05 17:42:27,247.Bbq_producer.INFO Sent message to 02-food-B: (1621711065.0, 52.3)
2024-06-05 17:42:27,281.Bbq_producer.INFO Sent message to 01-smoker: (1621711090.0, 246.1)
2024-06-05 17:42:27,297.Bbq_producer.INFO Sent message to 01-smoker: (1621711095.0, 246.1)
2024-06-05 17:42:27,331.Bbq_producer.INFO Sent message to 02-food-A: (1621711115.0, 65.6)
2024-06-05 17:42:27,347.Bbq_producer.INFO Sent message to 02-food-A: (1621711120.0, 65.6)
2024-06-05 17:42:27,380.Bbq_producer.INFO Sent message to 02-food-B: (1621711120.0, 53.3)
2024-06-05 17:42:27,394.Bbq_producer.INFO Sent message to 02-food-B: (1621711125.0, 53.3)
2024-06-05 17:42:27,428.Bbq_producer.INFO Sent message to 01-smoker: (1621711150.0, 247.7)
2024-06-05 17:42:27,442.Bbq_producer.INFO Sent message to 01-smoker: (1621711155.0, 247.7)
2024-06-05 17:42:27,477.Bbq_producer.INFO Sent message to 02-food-A: (1621711175.0, 66.9)
2024-06-05 17:42:27,492.Bbq_producer.INFO Sent message to 02-food-A: (1621711180.0, 66.9)
2024-06-05 17:42:27,528.Bbq_producer.INFO Sent message to 02-food-B: (1621711180.0, 54.4)
2024-06-05 17:42:27,545.Bbq_producer.INFO Sent message to 02-food-B: (1621711185.0, 54.4)
2024-06-05 17:42:27,581.Bbq_producer.INFO Sent message to 01-smoker: (1621711210.0, 248.1)
2024-06-05 17:42:27,599.Bbq_producer.INFO Sent message to 01-smoker: (1621711215.0, 248.1)
2024-06-05 17:42:27,636.Bbq_producer.INFO Sent message to 02-food-A: (1621711235.0, 68.1)
2024-06-05 17:42:27,652.Bbq_producer.INFO Sent message to 02-food-A: (1621711240.0, 68.1)
2024-06-05 17:42:27,687.Bbq_producer.INFO Sent message to 02-food-B: (1621711240.0, 55.6)
2024-06-05 17:42:27,701.Bbq_producer.INFO Sent message to 02-food-B: (1621711245.0, 55.6)
2024-06-05 17:42:27,738.Bbq_producer.INFO Sent message to 01-smoker: (1621711270.0, 248.8)
2024-06-05 17:42:27,753.Bbq_producer.INFO Sent message to 01-smoker: (1621711275.0, 248.8)
2024-06-05 17:42:27,787.Bbq_producer.INFO Sent message to 02-food-A: (1621711295.0, 69.2)
2024-06-05 17:42:27,803.Bbq_producer.INFO Sent message to 02-food-A: (1621711300.0, 69.2)
2024-06-05 17:42:27,839.Bbq_producer.INFO Sent message to 02-food-B: (1621711300.0, 56.7)
2024-06-05 17:42:27,853.Bbq_producer.INFO Sent message to 02-food-B: (1621711305.0, 56.7)
2024-06-05 17:42:27,890.Bbq_producer.INFO Sent message to 01-smoker: (1621711330.0, 249.4)
2024-06-05 17:42:27,905.Bbq_producer.INFO Sent message to 01-smoker: (1621711335.0, 249.4)
2024-06-05 17:42:27,940.Bbq_producer.INFO Sent message to 02-food-A: (1621711355.0, 70.3)
2024-06-05 17:42:27,958.Bbq_producer.INFO Sent message to 02-food-A: (1621711360.0, 70.3)
2024-06-05 17:42:27,994.Bbq_producer.INFO Sent message to 02-food-B: (1621711360.0, 57.9)
2024-06-05 17:42:28,031.Bbq_producer.INFO Sent message to 02-food-B: (1621711365.0, 57.9)
2024-06-05 17:42:28,047.Bbq_producer.INFO Sent message to 01-smoker: (1621711390.0, 249.8)
2024-06-05 17:42:28,090.Bbq_producer.INFO Sent message to 01-smoker: (1621711395.0, 249.8)
2024-06-05 17:42:28,106.Bbq_producer.INFO Sent message to 02-food-A: (1621711415.0, 71.5)
2024-06-05 17:42:28,141.Bbq_producer.INFO Sent message to 02-food-A: (1621711420.0, 71.5)
2024-06-05 17:42:28,155.Bbq_producer.INFO Sent message to 02-food-B: (1621711420.0, 59.1)
2024-06-05 17:42:28,191.Bbq_producer.INFO Sent message to 02-food-B: (1621711425.0, 59.1)
2024-06-05 17:42:28,205.Bbq_producer.INFO Sent message to 01-smoker: (1621711450.0, 249.2)
2024-06-05 17:42:28,241.Bbq_producer.INFO Sent message to 01-smoker: (1621711455.0, 249.2)
2024-06-05 17:42:28,279.Bbq_producer.INFO Sent message to 02-food-A: (1621711475.0, 72.6)
2024-06-05 17:42:28,299.Bbq_producer.INFO Sent message to 02-food-A: (1621711480.0, 72.6)
2024-06-05 17:42:28,341.Bbq_producer.INFO Sent message to 02-food-B: (1621711480.0, 60.3)
2024-06-05 17:42:28,379.Bbq_producer.INFO Sent message to 02-food-B: (1621711485.0, 60.3)
2024-06-05 17:42:28,393.Bbq_producer.INFO Sent message to 01-smoker: (1621711510.0, 248.1)
2024-06-05 17:42:28,430.Bbq_producer.INFO Sent message to 01-smoker: (1621711515.0, 248.1)
2024-06-05 17:42:28,447.Bbq_producer.INFO Sent message to 02-food-A: (1621711535.0, 73.8)
2024-06-05 17:42:28,484.Bbq_producer.INFO Sent message to 02-food-A: (1621711540.0, 73.8)
2024-06-05 17:42:28,502.Bbq_producer.INFO Sent message to 02-food-B: (1621711540.0, 61.5)
2024-06-05 17:42:28,540.Bbq_producer.INFO Sent message to 02-food-B: (1621711545.0, 61.5)
2024-06-05 17:42:28,578.Bbq_producer.INFO Sent message to 01-smoker: (1621711570.0, 248.5)
2024-06-05 17:42:28,595.Bbq_producer.INFO Sent message to 01-smoker: (1621711575.0, 248.5)
2024-06-05 17:42:28,637.Bbq_producer.INFO Sent message to 02-food-A: (1621711595.0, 74.9)
2024-06-05 17:42:28,654.Bbq_producer.INFO Sent message to 02-food-A: (1621711600.0, 74.9)
2024-06-05 17:42:28,687.Bbq_producer.INFO Sent message to 02-food-B: (1621711600.0, 62.7)
2024-06-05 17:42:28,703.Bbq_producer.INFO Sent message to 02-food-B: (1621711605.0, 62.7)
2024-06-05 17:42:28,741.Bbq_producer.INFO Sent message to 01-smoker: (1621711630.0, 248.9)
2024-06-05 17:42:28,757.Bbq_producer.INFO Sent message to 01-smoker: (1621711635.0, 248.9)
2024-06-05 17:42:28,791.Bbq_producer.INFO Sent message to 02-food-A: (1621711655.0, 76.0)
2024-06-05 17:42:28,834.Bbq_producer.INFO Sent message to 02-food-A: (1621711660.0, 76.0)
2024-06-05 17:42:28,892.Bbq_producer.INFO Sent message to 02-food-B: (1621711660.0, 63.8)
2024-06-05 17:42:28,942.Bbq_producer.INFO Sent message to 02-food-B: (1621711665.0, 63.8)
2024-06-05 17:42:28,992.Bbq_producer.INFO Sent message to 01-smoker: (1621711690.0, 249.2)
2024-06-05 17:42:29,040.Bbq_producer.INFO Sent message to 01-smoker: (1621711695.0, 249.2)
2024-06-05 17:42:29,088.Bbq_producer.INFO Sent message to 02-food-A: (1621711715.0, 77.1)
2024-06-05 17:42:29,134.Bbq_producer.INFO Sent message to 02-food-A: (1621711720.0, 77.1)
2024-06-05 17:42:29,187.Bbq_producer.INFO Sent message to 02-food-B: (1621711720.0, 65.1)
2024-06-05 17:42:29,235.Bbq_producer.INFO Sent message to 02-food-B: (1621711725.0, 65.1)
2024-06-05 17:42:29,288.Bbq_producer.INFO Sent message to 01-smoker: (1621711750.0, 249.4)
2024-06-05 17:42:29,343.Bbq_producer.INFO Sent message to 01-smoker: (1621711755.0, 249.4)
2024-06-05 17:42:29,439.Bbq_producer.INFO Sent message to 02-food-A: (1621711775.0, 78.1)
2024-06-05 17:42:29,495.Bbq_producer.INFO Sent message to 02-food-A: (1621711780.0, 78.1)
2024-06-05 17:42:29,558.Bbq_producer.INFO Sent message to 02-food-B: (1621711780.0, 66.3)
2024-06-05 17:42:29,640.Bbq_producer.INFO Sent message to 02-food-B: (1621711785.0, 66.3)
2024-06-05 17:42:29,698.Bbq_producer.INFO Sent message to 01-smoker: (1621711810.0, 250.4)
2024-06-05 17:42:29,758.Bbq_producer.INFO Sent message to 01-smoker: (1621711815.0, 250.4)
2024-06-05 17:42:29,836.Bbq_producer.INFO Sent message to 02-food-A: (1621711835.0, 79.2)
2024-06-05 17:42:29,880.Bbq_producer.INFO Sent message to 02-food-A: (1621711840.0, 79.2)
2024-06-05 17:42:29,930.Bbq_producer.INFO Sent message to 02-food-B: (1621711840.0, 67.5)
2024-06-05 17:42:29,959.Bbq_producer.INFO Sent message to 02-food-B: (1621711845.0, 67.5)
2024-06-05 17:42:30,002.Bbq_producer.INFO Sent message to 01-smoker: (1621711870.0, 251.0)
2024-06-05 17:42:30,046.Bbq_producer.INFO Sent message to 01-smoker: (1621711875.0, 251.0)
2024-06-05 17:42:30,090.Bbq_producer.INFO Sent message to 02-food-A: (1621711895.0, 80.2)
2024-06-05 17:42:30,134.Bbq_producer.INFO Sent message to 02-food-A: (1621711900.0, 80.2)
2024-06-05 17:42:30,179.Bbq_producer.INFO Sent message to 02-food-B: (1621711900.0, 68.6)
2024-06-05 17:42:30,200.Bbq_producer.INFO Sent message to 02-food-B: (1621711905.0, 68.6)
2024-06-05 17:42:30,249.Bbq_producer.INFO Sent message to 01-smoker: (1621711930.0, 251.2)
2024-06-05 17:42:30,295.Bbq_producer.INFO Sent message to 01-smoker: (1621711935.0, 251.2)
2024-06-05 17:42:30,344.Bbq_producer.INFO Sent message to 02-food-A: (1621711955.0, 81.2)
2024-06-05 17:42:30,393.Bbq_producer.INFO Sent message to 02-food-A: (1621711960.0, 81.2)
2024-06-05 17:42:30,444.Bbq_producer.INFO Sent message to 02-food-B: (1621711960.0, 69.8)
2024-06-05 17:42:30,490.Bbq_producer.INFO Sent message to 02-food-B: (1621711965.0, 69.8)
2024-06-05 17:42:30,538.Bbq_producer.INFO Sent message to 01-smoker: (1621711990.0, 250.6)
2024-06-05 17:42:30,581.Bbq_producer.INFO Sent message to 01-smoker: (1621711995.0, 250.6)
2024-06-05 17:42:30,608.Bbq_producer.INFO Sent message to 02-food-A: (1621712015.0, 82.3)
2024-06-05 17:42:30,650.Bbq_producer.INFO Sent message to 02-food-A: (1621712020.0, 82.3)
2024-06-05 17:42:30,693.Bbq_producer.INFO Sent message to 02-food-B: (1621712020.0, 70.9)
2024-06-05 17:42:30,742.Bbq_producer.INFO Sent message to 02-food-B: (1621712025.0, 70.9)
2024-06-05 17:42:30,792.Bbq_producer.INFO Sent message to 01-smoker: (1621712050.0, 250.4)
2024-06-05 17:42:30,840.Bbq_producer.INFO Sent message to 01-smoker: (1621712055.0, 250.4)
2024-06-05 17:42:30,882.Bbq_producer.INFO Sent message to 02-food-A: (1621712075.0, 83.3)
2024-06-05 17:42:30,907.Bbq_producer.INFO Sent message to 02-food-A: (1621712080.0, 83.3)
2024-06-05 17:42:30,945.Bbq_producer.INFO Sent message to 02-food-B: (1621712080.0, 72.1)
2024-06-05 17:42:30,982.Bbq_producer.INFO Sent message to 02-food-B: (1621712085.0, 72.1)
2024-06-05 17:42:31,028.Bbq_producer.INFO Sent message to 01-smoker: (1621712110.0, 250.5)
2024-06-05 17:42:31,046.Bbq_producer.INFO Sent message to 01-smoker: (1621712115.0, 250.5)
2024-06-05 17:42:31,085.Bbq_producer.INFO Sent message to 02-food-A: (1621712135.0, 84.3)
2024-06-05 17:42:31,102.Bbq_producer.INFO Sent message to 02-food-A: (1621712140.0, 84.3)
2024-06-05 17:42:31,137.Bbq_producer.INFO Sent message to 02-food-B: (1621712140.0, 73.3)
2024-06-05 17:42:31,150.Bbq_producer.INFO Sent message to 02-food-B: (1621712145.0, 73.3)
2024-06-05 17:42:31,187.Bbq_producer.INFO Sent message to 01-smoker: (1621712170.0, 250.6)
2024-06-05 17:42:31,204.Bbq_producer.INFO Sent message to 01-smoker: (1621712175.0, 250.6)
2024-06-05 17:42:31,238.Bbq_producer.INFO Sent message to 02-food-A: (1621712195.0, 85.3)
2024-06-05 17:42:31,256.Bbq_producer.INFO Sent message to 02-food-A: (1621712200.0, 85.3)
2024-06-05 17:42:31,289.Bbq_producer.INFO Sent message to 02-food-B: (1621712200.0, 74.4)
2024-06-05 17:42:31,307.Bbq_producer.INFO Sent message to 02-food-B: (1621712205.0, 74.4)
2024-06-05 17:42:31,340.Bbq_producer.INFO Sent message to 01-smoker: (1621712230.0, 248.9)
2024-06-05 17:42:31,378.Bbq_producer.INFO Sent message to 01-smoker: (1621712235.0, 248.9)
2024-06-05 17:42:31,395.Bbq_producer.INFO Sent message to 02-food-A: (1621712255.0, 86.4)
2024-06-05 17:42:31,428.Bbq_producer.INFO Sent message to 02-food-A: (1621712260.0, 86.4)
2024-06-05 17:42:31,446.Bbq_producer.INFO Sent message to 02-food-B: (1621712260.0, 75.5)
2024-06-05 17:42:31,487.Bbq_producer.INFO Sent message to 02-food-B: (1621712265.0, 75.5)
2024-06-05 17:42:31,504.Bbq_producer.INFO Sent message to 01-smoker: (1621712290.0, 248.9)
2024-06-05 17:42:31,540.Bbq_producer.INFO Sent message to 01-smoker: (1621712295.0, 248.9)
2024-06-05 17:42:31,578.Bbq_producer.INFO Sent message to 02-food-A: (1621712315.0, 87.4)
2024-06-05 17:42:31,595.Bbq_producer.INFO Sent message to 02-food-A: (1621712320.0, 87.4)
2024-06-05 17:42:31,631.Bbq_producer.INFO Sent message to 02-food-B: (1621712320.0, 76.6)
2024-06-05 17:42:31,655.Bbq_producer.INFO Sent message to 02-food-B: (1621712325.0, 76.6)
2024-06-05 17:42:31,690.Bbq_producer.INFO Sent message to 01-smoker: (1621712350.0, 249.5)
2024-06-05 17:42:31,726.Bbq_producer.INFO Sent message to 01-smoker: (1621712355.0, 249.5)
2024-06-05 17:42:31,742.Bbq_producer.INFO Sent message to 02-food-A: (1621712375.0, 88.4)
2024-06-05 17:42:31,776.Bbq_producer.INFO Sent message to 02-food-A: (1621712380.0, 88.4)
2024-06-05 17:42:31,792.Bbq_producer.INFO Sent message to 02-food-B: (1621712380.0, 77.8)
2024-06-05 17:42:31,828.Bbq_producer.INFO Sent message to 02-food-B: (1621712385.0, 77.8)
2024-06-05 17:42:31,844.Bbq_producer.INFO Sent message to 01-smoker: (1621712410.0, 249.7)
2024-06-05 17:42:31,879.Bbq_producer.INFO Sent message to 01-smoker: (1621712415.0, 249.7)
2024-06-05 17:42:31,896.Bbq_producer.INFO Sent message to 02-food-A: (1621712435.0, 89.4)
2024-06-05 17:42:31,930.Bbq_producer.INFO Sent message to 02-food-A: (1621712440.0, 89.4)
2024-06-05 17:42:31,947.Bbq_producer.INFO Sent message to 02-food-B: (1621712440.0, 78.9)
2024-06-05 17:42:31,981.Bbq_producer.INFO Sent message to 02-food-B: (1621712445.0, 78.9)
2024-06-05 17:42:31,997.Bbq_producer.INFO Sent message to 01-smoker: (1621712470.0, 249.7)
2024-06-05 17:42:32,036.Bbq_producer.INFO Sent message to 01-smoker: (1621712475.0, 249.7)
2024-06-05 17:42:32,053.Bbq_producer.INFO Sent message to 02-food-A: (1621712495.0, 90.5)
2024-06-05 17:42:32,087.Bbq_producer.INFO Sent message to 02-food-A: (1621712500.0, 90.5)
2024-06-05 17:42:32,106.Bbq_producer.INFO Sent message to 02-food-B: (1621712500.0, 80.0)
2024-06-05 17:42:32,141.Bbq_producer.INFO Sent message to 02-food-B: (1621712505.0, 80.0)
2024-06-05 17:42:32,175.Bbq_producer.INFO Sent message to 01-smoker: (1621712530.0, 249.1)
2024-06-05 17:42:32,190.Bbq_producer.INFO Sent message to 01-smoker: (1621712535.0, 249.1)
2024-06-05 17:42:32,225.Bbq_producer.INFO Sent message to 02-food-A: (1621712555.0, 91.5)
2024-06-05 17:42:32,329.Bbq_producer.INFO Sent message to 02-food-A: (1621712560.0, 91.5)
2024-06-05 17:42:32,346.Bbq_producer.INFO Sent message to 02-food-B: (1621712560.0, 81.1)
2024-06-05 17:42:32,378.Bbq_producer.INFO Sent message to 02-food-B: (1621712565.0, 81.1)
2024-06-05 17:42:32,394.Bbq_producer.INFO Sent message to 01-smoker: (1621712590.0, 248.5)
2024-06-05 17:42:32,427.Bbq_producer.INFO Sent message to 01-smoker: (1621712595.0, 248.5)
2024-06-05 17:42:32,443.Bbq_producer.INFO Sent message to 02-food-A: (1621712615.0, 92.5)
2024-06-05 17:42:32,479.Bbq_producer.INFO Sent message to 02-food-A: (1621712620.0, 92.5)
2024-06-05 17:42:32,494.Bbq_producer.INFO Sent message to 02-food-B: (1621712620.0, 82.2)
2024-06-05 17:42:32,529.Bbq_producer.INFO Sent message to 02-food-B: (1621712625.0, 82.2)
2024-06-05 17:42:32,543.Bbq_producer.INFO Sent message to 01-smoker: (1621712650.0, 248.5)
2024-06-05 17:42:32,577.Bbq_producer.INFO Sent message to 01-smoker: (1621712655.0, 248.5)
2024-06-05 17:42:32,593.Bbq_producer.INFO Sent message to 02-food-A: (1621712675.0, 93.5)
2024-06-05 17:42:32,628.Bbq_producer.INFO Sent message to 02-food-A: (1621712680.0, 93.5)
2024-06-05 17:42:32,643.Bbq_producer.INFO Sent message to 02-food-B: (1621712680.0, 83.3)
2024-06-05 17:42:32,677.Bbq_producer.INFO Sent message to 02-food-B: (1621712685.0, 83.3)
2024-06-05 17:42:32,694.Bbq_producer.INFO Sent message to 01-smoker: (1621712710.0, 248.8)
2024-06-05 17:42:32,728.Bbq_producer.INFO Sent message to 01-smoker: (1621712715.0, 248.8)
2024-06-05 17:42:32,742.Bbq_producer.INFO Sent message to 02-food-A: (1621712735.0, 94.5)
2024-06-05 17:42:32,778.Bbq_producer.INFO Sent message to 02-food-A: (1621712740.0, 94.5)
2024-06-05 17:42:32,794.Bbq_producer.INFO Sent message to 02-food-B: (1621712740.0, 84.4)
2024-06-05 17:42:32,832.Bbq_producer.INFO Sent message to 02-food-B: (1621712745.0, 84.4)
2024-06-05 17:42:32,849.Bbq_producer.INFO Sent message to 01-smoker: (1621712770.0, 249.5)
2024-06-05 17:42:32,887.Bbq_producer.INFO Sent message to 01-smoker: (1621712775.0, 249.5)
2024-06-05 17:42:32,902.Bbq_producer.INFO Sent message to 02-food-A: (1621712795.0, 95.5)
2024-06-05 17:42:32,939.Bbq_producer.INFO Sent message to 02-food-A: (1621712800.0, 95.5)
2024-06-05 17:42:32,979.Bbq_producer.INFO Sent message to 02-food-B: (1621712800.0, 85.5)
2024-06-05 17:42:33,005.Bbq_producer.INFO Sent message to 02-food-B: (1621712805.0, 85.5)
2024-06-05 17:42:33,039.Bbq_producer.INFO Sent message to 01-smoker: (1621712830.0, 250.2)
2024-06-05 17:42:33,056.Bbq_producer.INFO Sent message to 01-smoker: (1621712835.0, 250.2)
2024-06-05 17:42:33,092.Bbq_producer.INFO Sent message to 02-food-A: (1621712855.0, 96.5)
2024-06-05 17:42:33,132.Bbq_producer.INFO Sent message to 02-food-A: (1621712860.0, 96.5)
2024-06-05 17:42:33,148.Bbq_producer.INFO Sent message to 02-food-B: (1621712860.0, 86.5)
2024-06-05 17:42:33,186.Bbq_producer.INFO Sent message to 02-food-B: (1621712865.0, 86.5)
2024-06-05 17:42:33,200.Bbq_producer.INFO Sent message to 01-smoker: (1621712890.0, 249.2)
2024-06-05 17:42:33,238.Bbq_producer.INFO Sent message to 01-smoker: (1621712895.0, 249.2)
2024-06-05 17:42:33,255.Bbq_producer.INFO Sent message to 02-food-A: (1621712915.0, 97.4)
2024-06-05 17:42:33,289.Bbq_producer.INFO Sent message to 02-food-A: (1621712920.0, 97.4)
2024-06-05 17:42:33,305.Bbq_producer.INFO Sent message to 02-food-B: (1621712920.0, 87.6)
2024-06-05 17:42:33,338.Bbq_producer.INFO Sent message to 02-food-B: (1621712925.0, 87.6)
2024-06-05 17:42:33,356.Bbq_producer.INFO Sent message to 01-smoker: (1621712950.0, 248.8)
2024-06-05 17:42:33,392.Bbq_producer.INFO Sent message to 01-smoker: (1621712955.0, 248.8)
2024-06-05 17:42:33,432.Bbq_producer.INFO Sent message to 02-food-A: (1621712975.0, 98.4)
2024-06-05 17:42:33,450.Bbq_producer.INFO Sent message to 02-food-A: (1621712980.0, 98.4)
2024-06-05 17:42:33,488.Bbq_producer.INFO Sent message to 02-food-B: (1621712980.0, 88.6)
2024-06-05 17:42:33,505.Bbq_producer.INFO Sent message to 02-food-B: (1621712985.0, 88.6)
2024-06-05 17:42:33,538.Bbq_producer.INFO Sent message to 01-smoker: (1621713010.0, 248.6)
2024-06-05 17:42:33,556.Bbq_producer.INFO Sent message to 01-smoker: (1621713015.0, 248.6)
2024-06-05 17:42:33,596.Bbq_producer.INFO Sent message to 02-food-A: (1621713035.0, 99.3)
2024-06-05 17:42:33,639.Bbq_producer.INFO Sent message to 02-food-A: (1621713040.0, 99.3)
2024-06-05 17:42:33,685.Bbq_producer.INFO Sent message to 02-food-B: (1621713040.0, 89.8)
2024-06-05 17:42:33,706.Bbq_producer.INFO Sent message to 02-food-B: (1621713045.0, 89.8)
